<?xml version="1.0" encoding="UTF-8"?>
<testsuite xmlns:xsi="http://www.w3.org/2001/XMLSchema-instance" xsi:noNamespaceSchemaLocation="https://maven.apache.org/surefire/maven-surefire-plugin/xsd/surefire-test-report-3.0.xsd" version="3.0" name="com.tcshop.tcshopspring.TcshopSpringApplicationTests" time="11.654" tests="1" errors="0" skipped="0" failures="0">
  <properties>
    <property name="java.specification.version" value="22"/>
    <property name="sun.cpu.isalist" value="amd64"/>
    <property name="sun.jnu.encoding" value="Cp1252"/>
    <property name="java.class.path" value="C:\Users\User_001\OneDrive\Escritorio\ApiT&amp;CShop\TcshopSpring\target\test-classes;C:\Users\User_001\OneDrive\Escritorio\ApiT&amp;CShop\TcshopSpring\target\classes;C:\Users\User_001\.m2\repository\org\springframework\boot\spring-boot-starter-security\3.3.4\spring-boot-starter-security-3.3.4.jar;C:\Users\User_001\.m2\repository\org\springframework\boot\spring-boot-starter\3.3.4\spring-boot-starter-3.3.4.jar;C:\Users\User_001\.m2\repository\org\springframework\boot\spring-boot\3.3.4\spring-boot-3.3.4.jar;C:\Users\User_001\.m2\repository\org\springframework\boot\spring-boot-autoconfigure\3.3.4\spring-boot-autoconfigure-3.3.4.jar;C:\Users\User_001\.m2\repository\org\springframework\boot\spring-boot-starter-logging\3.3.4\spring-boot-starter-logging-3.3.4.jar;C:\Users\User_001\.m2\repository\ch\qos\logback\logback-classic\1.5.8\logback-classic-1.5.8.jar;C:\Users\User_001\.m2\repository\ch\qos\logback\logback-core\1.5.8\logback-core-1.5.8.jar;C:\Users\User_001\.m2\repository\org\apache\logging\log4j\log4j-to-slf4j\2.23.1\log4j-to-slf4j-2.23.1.jar;C:\Users\User_001\.m2\repository\org\slf4j\jul-to-slf4j\2.0.16\jul-to-slf4j-2.0.16.jar;C:\Users\User_001\.m2\repository\jakarta\annotation\jakarta.annotation-api\2.1.1\jakarta.annotation-api-2.1.1.jar;C:\Users\User_001\.m2\repository\org\yaml\snakeyaml\2.2\snakeyaml-2.2.jar;C:\Users\User_001\.m2\repository\org\springframework\spring-aop\6.1.13\spring-aop-6.1.13.jar;C:\Users\User_001\.m2\repository\org\springframework\security\spring-security-config\6.3.3\spring-security-config-6.3.3.jar;C:\Users\User_001\.m2\repository\org\springframework\security\spring-security-web\6.3.3\spring-security-web-6.3.3.jar;C:\Users\User_001\.m2\repository\io\jsonwebtoken\jjwt-api\0.11.5\jjwt-api-0.11.5.jar;C:\Users\User_001\.m2\repository\io\jsonwebtoken\jjwt-impl\0.11.5\jjwt-impl-0.11.5.jar;C:\Users\User_001\.m2\repository\io\jsonwebtoken\jjwt-jackson\0.11.5\jjwt-jackson-0.11.5.jar;C:\Users\User_001\.m2\repository\com\fasterxml\jackson\core\jackson-databind\2.17.2\jackson-databind-2.17.2.jar;C:\Users\User_001\.m2\repository\com\fasterxml\jackson\core\jackson-annotations\2.17.2\jackson-annotations-2.17.2.jar;C:\Users\User_001\.m2\repository\com\fasterxml\jackson\core\jackson-core\2.17.2\jackson-core-2.17.2.jar;C:\Users\User_001\.m2\repository\com\stripe\stripe-java\5.21.0\stripe-java-5.21.0.jar;C:\Users\User_001\.m2\repository\com\google\code\gson\gson\2.10.1\gson-2.10.1.jar;C:\Users\User_001\.m2\repository\org\springframework\boot\spring-boot-starter-web\2.5.0\spring-boot-starter-web-2.5.0.jar;C:\Users\User_001\.m2\repository\org\springframework\boot\spring-boot-starter-json\3.3.4\spring-boot-starter-json-3.3.4.jar;C:\Users\User_001\.m2\repository\com\fasterxml\jackson\datatype\jackson-datatype-jdk8\2.17.2\jackson-datatype-jdk8-2.17.2.jar;C:\Users\User_001\.m2\repository\com\fasterxml\jackson\datatype\jackson-datatype-jsr310\2.17.2\jackson-datatype-jsr310-2.17.2.jar;C:\Users\User_001\.m2\repository\com\fasterxml\jackson\module\jackson-module-parameter-names\2.17.2\jackson-module-parameter-names-2.17.2.jar;C:\Users\User_001\.m2\repository\org\springframework\boot\spring-boot-starter-tomcat\3.3.4\spring-boot-starter-tomcat-3.3.4.jar;C:\Users\User_001\.m2\repository\org\apache\tomcat\embed\tomcat-embed-core\10.1.30\tomcat-embed-core-10.1.30.jar;C:\Users\User_001\.m2\repository\org\apache\tomcat\embed\tomcat-embed-el\10.1.30\tomcat-embed-el-10.1.30.jar;C:\Users\User_001\.m2\repository\org\apache\tomcat\embed\tomcat-embed-websocket\10.1.30\tomcat-embed-websocket-10.1.30.jar;C:\Users\User_001\.m2\repository\org\springframework\spring-web\6.1.13\spring-web-6.1.13.jar;C:\Users\User_001\.m2\repository\org\springframework\spring-webmvc\6.1.13\spring-webmvc-6.1.13.jar;C:\Users\User_001\.m2\repository\org\springframework\security\spring-security-core\6.3.3\spring-security-core-6.3.3.jar;C:\Users\User_001\.m2\repository\org\springframework\security\spring-security-crypto\6.3.3\spring-security-crypto-6.3.3.jar;C:\Users\User_001\.m2\repository\org\springframework\spring-beans\6.1.13\spring-beans-6.1.13.jar;C:\Users\User_001\.m2\repository\org\springframework\spring-context\6.1.13\spring-context-6.1.13.jar;C:\Users\User_001\.m2\repository\org\springframework\spring-core\6.1.13\spring-core-6.1.13.jar;C:\Users\User_001\.m2\repository\org\springframework\spring-jcl\6.1.13\spring-jcl-6.1.13.jar;C:\Users\User_001\.m2\repository\org\springframework\spring-expression\6.1.13\spring-expression-6.1.13.jar;C:\Users\User_001\.m2\repository\io\micrometer\micrometer-observation\1.13.4\micrometer-observation-1.13.4.jar;C:\Users\User_001\.m2\repository\io\micrometer\micrometer-commons\1.13.4\micrometer-commons-1.13.4.jar;C:\Users\User_001\.m2\repository\com\cloudinary\cloudinary-http5\2.0.0\cloudinary-http5-2.0.0.jar;C:\Users\User_001\.m2\repository\com\cloudinary\cloudinary-core\2.0.0\cloudinary-core-2.0.0.jar;C:\Users\User_001\.m2\repository\org\apache\commons\commons-lang3\3.14.0\commons-lang3-3.14.0.jar;C:\Users\User_001\.m2\repository\org\apache\httpcomponents\client5\httpclient5\5.3.1\httpclient5-5.3.1.jar;C:\Users\User_001\.m2\repository\org\apache\httpcomponents\core5\httpcore5-h2\5.2.5\httpcore5-h2-5.2.5.jar;C:\Users\User_001\.m2\repository\org\slf4j\slf4j-api\2.0.16\slf4j-api-2.0.16.jar;C:\Users\User_001\.m2\repository\org\apache\httpcomponents\core5\httpcore5\5.2.5\httpcore5-5.2.5.jar;C:\Users\User_001\.m2\repository\com\cloudinary\cloudinary-taglib\2.0.0\cloudinary-taglib-2.0.0.jar;C:\Users\User_001\.m2\repository\javax\servlet\jsp-api\2.0\jsp-api-2.0.jar;C:\Users\User_001\.m2\repository\javax\servlet\servlet-api\2.4\servlet-api-2.4.jar;C:\Users\User_001\.m2\repository\io\github\cdimascio\dotenv-java\2.2.4\dotenv-java-2.2.4.jar;C:\Users\User_001\.m2\repository\org\springframework\boot\spring-boot-starter-mail\3.3.4\spring-boot-starter-mail-3.3.4.jar;C:\Users\User_001\.m2\repository\org\springframework\spring-context-support\6.1.13\spring-context-support-6.1.13.jar;C:\Users\User_001\.m2\repository\org\eclipse\angus\jakarta.mail\2.0.3\jakarta.mail-2.0.3.jar;C:\Users\User_001\.m2\repository\jakarta\activation\jakarta.activation-api\2.1.3\jakarta.activation-api-2.1.3.jar;C:\Users\User_001\.m2\repository\org\eclipse\angus\angus-activation\2.0.2\angus-activation-2.0.2.jar;C:\Users\User_001\.m2\repository\org\springframework\boot\spring-boot-starter-data-jpa\3.3.4\spring-boot-starter-data-jpa-3.3.4.jar;C:\Users\User_001\.m2\repository\org\springframework\boot\spring-boot-starter-aop\3.3.4\spring-boot-starter-aop-3.3.4.jar;C:\Users\User_001\.m2\repository\org\aspectj\aspectjweaver\1.9.22.1\aspectjweaver-1.9.22.1.jar;C:\Users\User_001\.m2\repository\org\springframework\boot\spring-boot-starter-jdbc\3.3.4\spring-boot-starter-jdbc-3.3.4.jar;C:\Users\User_001\.m2\repository\com\zaxxer\HikariCP\5.1.0\HikariCP-5.1.0.jar;C:\Users\User_001\.m2\repository\org\springframework\spring-jdbc\6.1.13\spring-jdbc-6.1.13.jar;C:\Users\User_001\.m2\repository\org\hibernate\orm\hibernate-core\6.5.3.Final\hibernate-core-6.5.3.Final.jar;C:\Users\User_001\.m2\repository\jakarta\persistence\jakarta.persistence-api\3.1.0\jakarta.persistence-api-3.1.0.jar;C:\Users\User_001\.m2\repository\jakarta\transaction\jakarta.transaction-api\2.0.1\jakarta.transaction-api-2.0.1.jar;C:\Users\User_001\.m2\repository\org\jboss\logging\jboss-logging\3.5.3.Final\jboss-logging-3.5.3.Final.jar;C:\Users\User_001\.m2\repository\org\hibernate\common\hibernate-commons-annotations\6.0.6.Final\hibernate-commons-annotations-6.0.6.Final.jar;C:\Users\User_001\.m2\repository\io\smallrye\jandex\3.1.2\jandex-3.1.2.jar;C:\Users\User_001\.m2\repository\com\fasterxml\classmate\1.7.0\classmate-1.7.0.jar;C:\Users\User_001\.m2\repository\net\bytebuddy\byte-buddy\1.14.19\byte-buddy-1.14.19.jar;C:\Users\User_001\.m2\repository\org\glassfish\jaxb\jaxb-runtime\4.0.5\jaxb-runtime-4.0.5.jar;C:\Users\User_001\.m2\repository\org\glassfish\jaxb\jaxb-core\4.0.5\jaxb-core-4.0.5.jar;C:\Users\User_001\.m2\repository\org\glassfish\jaxb\txw2\4.0.5\txw2-4.0.5.jar;C:\Users\User_001\.m2\repository\com\sun\istack\istack-commons-runtime\4.1.2\istack-commons-runtime-4.1.2.jar;C:\Users\User_001\.m2\repository\jakarta\inject\jakarta.inject-api\2.0.1\jakarta.inject-api-2.0.1.jar;C:\Users\User_001\.m2\repository\org\antlr\antlr4-runtime\4.13.0\antlr4-runtime-4.13.0.jar;C:\Users\User_001\.m2\repository\org\springframework\data\spring-data-jpa\3.3.4\spring-data-jpa-3.3.4.jar;C:\Users\User_001\.m2\repository\org\springframework\data\spring-data-commons\3.3.4\spring-data-commons-3.3.4.jar;C:\Users\User_001\.m2\repository\org\springframework\spring-orm\6.1.13\spring-orm-6.1.13.jar;C:\Users\User_001\.m2\repository\org\springframework\spring-tx\6.1.13\spring-tx-6.1.13.jar;C:\Users\User_001\.m2\repository\org\springframework\spring-aspects\6.1.13\spring-aspects-6.1.13.jar;C:\Users\User_001\.m2\repository\org\springframework\boot\spring-boot-starter-thymeleaf\3.3.4\spring-boot-starter-thymeleaf-3.3.4.jar;C:\Users\User_001\.m2\repository\org\thymeleaf\thymeleaf-spring6\3.1.2.RELEASE\thymeleaf-spring6-3.1.2.RELEASE.jar;C:\Users\User_001\.m2\repository\org\thymeleaf\thymeleaf\3.1.2.RELEASE\thymeleaf-3.1.2.RELEASE.jar;C:\Users\User_001\.m2\repository\org\attoparser\attoparser\2.0.7.RELEASE\attoparser-2.0.7.RELEASE.jar;C:\Users\User_001\.m2\repository\org\unbescape\unbescape\1.1.6.RELEASE\unbescape-1.1.6.RELEASE.jar;C:\Users\User_001\.m2\repository\com\mysql\mysql-connector-j\8.0.33\mysql-connector-j-8.0.33.jar;C:\Users\User_001\.m2\repository\com\github\librepdf\openpdf\1.3.22\openpdf-1.3.22.jar;C:\Users\User_001\.m2\repository\org\apache\poi\poi-ooxml\5.2.3\poi-ooxml-5.2.3.jar;C:\Users\User_001\.m2\repository\org\apache\poi\poi\5.2.3\poi-5.2.3.jar;C:\Users\User_001\.m2\repository\commons-codec\commons-codec\1.16.1\commons-codec-1.16.1.jar;C:\Users\User_001\.m2\repository\org\apache\commons\commons-math3\3.6.1\commons-math3-3.6.1.jar;C:\Users\User_001\.m2\repository\com\zaxxer\SparseBitSet\1.2\SparseBitSet-1.2.jar;C:\Users\User_001\.m2\repository\org\apache\poi\poi-ooxml-lite\5.2.3\poi-ooxml-lite-5.2.3.jar;C:\Users\User_001\.m2\repository\org\apache\xmlbeans\xmlbeans\5.1.1\xmlbeans-5.1.1.jar;C:\Users\User_001\.m2\repository\org\apache\commons\commons-compress\1.21\commons-compress-1.21.jar;C:\Users\User_001\.m2\repository\commons-io\commons-io\2.11.0\commons-io-2.11.0.jar;C:\Users\User_001\.m2\repository\com\github\virtuald\curvesapi\1.07\curvesapi-1.07.jar;C:\Users\User_001\.m2\repository\org\apache\logging\log4j\log4j-api\2.23.1\log4j-api-2.23.1.jar;C:\Users\User_001\.m2\repository\org\apache\commons\commons-collections4\4.4\commons-collections4-4.4.jar;C:\Users\User_001\.m2\repository\javax\validation\validation-api\2.0.1.Final\validation-api-2.0.1.Final.jar;C:\Users\User_001\.m2\repository\org\springframework\boot\spring-boot-starter-test\3.3.4\spring-boot-starter-test-3.3.4.jar;C:\Users\User_001\.m2\repository\org\springframework\boot\spring-boot-test\3.3.4\spring-boot-test-3.3.4.jar;C:\Users\User_001\.m2\repository\org\springframework\boot\spring-boot-test-autoconfigure\3.3.4\spring-boot-test-autoconfigure-3.3.4.jar;C:\Users\User_001\.m2\repository\com\jayway\jsonpath\json-path\2.9.0\json-path-2.9.0.jar;C:\Users\User_001\.m2\repository\jakarta\xml\bind\jakarta.xml.bind-api\4.0.2\jakarta.xml.bind-api-4.0.2.jar;C:\Users\User_001\.m2\repository\net\minidev\json-smart\2.5.1\json-smart-2.5.1.jar;C:\Users\User_001\.m2\repository\net\minidev\accessors-smart\2.5.1\accessors-smart-2.5.1.jar;C:\Users\User_001\.m2\repository\org\ow2\asm\asm\9.6\asm-9.6.jar;C:\Users\User_001\.m2\repository\org\assertj\assertj-core\3.25.3\assertj-core-3.25.3.jar;C:\Users\User_001\.m2\repository\org\awaitility\awaitility\4.2.2\awaitility-4.2.2.jar;C:\Users\User_001\.m2\repository\org\hamcrest\hamcrest\2.2\hamcrest-2.2.jar;C:\Users\User_001\.m2\repository\org\junit\jupiter\junit-jupiter\5.10.3\junit-jupiter-5.10.3.jar;C:\Users\User_001\.m2\repository\org\junit\jupiter\junit-jupiter-api\5.10.3\junit-jupiter-api-5.10.3.jar;C:\Users\User_001\.m2\repository\org\opentest4j\opentest4j\1.3.0\opentest4j-1.3.0.jar;C:\Users\User_001\.m2\repository\org\junit\platform\junit-platform-commons\1.10.3\junit-platform-commons-1.10.3.jar;C:\Users\User_001\.m2\repository\org\apiguardian\apiguardian-api\1.1.2\apiguardian-api-1.1.2.jar;C:\Users\User_001\.m2\repository\org\junit\jupiter\junit-jupiter-params\5.10.3\junit-jupiter-params-5.10.3.jar;C:\Users\User_001\.m2\repository\org\junit\jupiter\junit-jupiter-engine\5.10.3\junit-jupiter-engine-5.10.3.jar;C:\Users\User_001\.m2\repository\org\junit\platform\junit-platform-engine\1.10.3\junit-platform-engine-1.10.3.jar;C:\Users\User_001\.m2\repository\org\mockito\mockito-core\5.11.0\mockito-core-5.11.0.jar;C:\Users\User_001\.m2\repository\net\bytebuddy\byte-buddy-agent\1.14.19\byte-buddy-agent-1.14.19.jar;C:\Users\User_001\.m2\repository\org\objenesis\objenesis\3.3\objenesis-3.3.jar;C:\Users\User_001\.m2\repository\org\mockito\mockito-junit-jupiter\5.11.0\mockito-junit-jupiter-5.11.0.jar;C:\Users\User_001\.m2\repository\org\skyscreamer\jsonassert\1.5.3\jsonassert-1.5.3.jar;C:\Users\User_001\.m2\repository\com\vaadin\external\google\android-json\0.0.20131108.vaadin1\android-json-0.0.20131108.vaadin1.jar;C:\Users\User_001\.m2\repository\org\springframework\spring-test\6.1.13\spring-test-6.1.13.jar;C:\Users\User_001\.m2\repository\org\xmlunit\xmlunit-core\2.9.1\xmlunit-core-2.9.1.jar;"/>
    <property name="java.vm.vendor" value="Oracle Corporation"/>
    <property name="sun.arch.data.model" value="64"/>
    <property name="user.variant" value=""/>
    <property name="java.vendor.url" value="https://java.oracle.com/"/>
    <property name="user.timezone" value="America/Bogota"/>
    <property name="org.jboss.logging.provider" value="slf4j"/>
    <property name="os.name" value="Windows 11"/>
    <property name="java.vm.specification.version" value="22"/>
    <property name="sun.java.launcher" value="SUN_STANDARD"/>
    <property name="user.country" value="419"/>
    <property name="sun.boot.library.path" value="C:\Program Files\Java\jdk-22\bin"/>
    <property name="sun.java.command" value="C:\Users\User_001\AppData\Local\Temp\surefire9070118438451151260\surefirebooter-20241210040647313_3.jar C:\Users\User_001\AppData\Local\Temp\surefire9070118438451151260 2024-12-10T04-06-47_121-jvmRun1 surefire-20241210040647313_1tmp surefire_0-20241210040647313_2tmp"/>
    <property name="jdk.debug" value="release"/>
    <property name="surefire.test.class.path" value="C:\Users\User_001\OneDrive\Escritorio\ApiT&amp;CShop\TcshopSpring\target\test-classes;C:\Users\User_001\OneDrive\Escritorio\ApiT&amp;CShop\TcshopSpring\target\classes;C:\Users\User_001\.m2\repository\org\springframework\boot\spring-boot-starter-security\3.3.4\spring-boot-starter-security-3.3.4.jar;C:\Users\User_001\.m2\repository\org\springframework\boot\spring-boot-starter\3.3.4\spring-boot-starter-3.3.4.jar;C:\Users\User_001\.m2\repository\org\springframework\boot\spring-boot\3.3.4\spring-boot-3.3.4.jar;C:\Users\User_001\.m2\repository\org\springframework\boot\spring-boot-autoconfigure\3.3.4\spring-boot-autoconfigure-3.3.4.jar;C:\Users\User_001\.m2\repository\org\springframework\boot\spring-boot-starter-logging\3.3.4\spring-boot-starter-logging-3.3.4.jar;C:\Users\User_001\.m2\repository\ch\qos\logback\logback-classic\1.5.8\logback-classic-1.5.8.jar;C:\Users\User_001\.m2\repository\ch\qos\logback\logback-core\1.5.8\logback-core-1.5.8.jar;C:\Users\User_001\.m2\repository\org\apache\logging\log4j\log4j-to-slf4j\2.23.1\log4j-to-slf4j-2.23.1.jar;C:\Users\User_001\.m2\repository\org\slf4j\jul-to-slf4j\2.0.16\jul-to-slf4j-2.0.16.jar;C:\Users\User_001\.m2\repository\jakarta\annotation\jakarta.annotation-api\2.1.1\jakarta.annotation-api-2.1.1.jar;C:\Users\User_001\.m2\repository\org\yaml\snakeyaml\2.2\snakeyaml-2.2.jar;C:\Users\User_001\.m2\repository\org\springframework\spring-aop\6.1.13\spring-aop-6.1.13.jar;C:\Users\User_001\.m2\repository\org\springframework\security\spring-security-config\6.3.3\spring-security-config-6.3.3.jar;C:\Users\User_001\.m2\repository\org\springframework\security\spring-security-web\6.3.3\spring-security-web-6.3.3.jar;C:\Users\User_001\.m2\repository\io\jsonwebtoken\jjwt-api\0.11.5\jjwt-api-0.11.5.jar;C:\Users\User_001\.m2\repository\io\jsonwebtoken\jjwt-impl\0.11.5\jjwt-impl-0.11.5.jar;C:\Users\User_001\.m2\repository\io\jsonwebtoken\jjwt-jackson\0.11.5\jjwt-jackson-0.11.5.jar;C:\Users\User_001\.m2\repository\com\fasterxml\jackson\core\jackson-databind\2.17.2\jackson-databind-2.17.2.jar;C:\Users\User_001\.m2\repository\com\fasterxml\jackson\core\jackson-annotations\2.17.2\jackson-annotations-2.17.2.jar;C:\Users\User_001\.m2\repository\com\fasterxml\jackson\core\jackson-core\2.17.2\jackson-core-2.17.2.jar;C:\Users\User_001\.m2\repository\com\stripe\stripe-java\5.21.0\stripe-java-5.21.0.jar;C:\Users\User_001\.m2\repository\com\google\code\gson\gson\2.10.1\gson-2.10.1.jar;C:\Users\User_001\.m2\repository\org\springframework\boot\spring-boot-starter-web\2.5.0\spring-boot-starter-web-2.5.0.jar;C:\Users\User_001\.m2\repository\org\springframework\boot\spring-boot-starter-json\3.3.4\spring-boot-starter-json-3.3.4.jar;C:\Users\User_001\.m2\repository\com\fasterxml\jackson\datatype\jackson-datatype-jdk8\2.17.2\jackson-datatype-jdk8-2.17.2.jar;C:\Users\User_001\.m2\repository\com\fasterxml\jackson\datatype\jackson-datatype-jsr310\2.17.2\jackson-datatype-jsr310-2.17.2.jar;C:\Users\User_001\.m2\repository\com\fasterxml\jackson\module\jackson-module-parameter-names\2.17.2\jackson-module-parameter-names-2.17.2.jar;C:\Users\User_001\.m2\repository\org\springframework\boot\spring-boot-starter-tomcat\3.3.4\spring-boot-starter-tomcat-3.3.4.jar;C:\Users\User_001\.m2\repository\org\apache\tomcat\embed\tomcat-embed-core\10.1.30\tomcat-embed-core-10.1.30.jar;C:\Users\User_001\.m2\repository\org\apache\tomcat\embed\tomcat-embed-el\10.1.30\tomcat-embed-el-10.1.30.jar;C:\Users\User_001\.m2\repository\org\apache\tomcat\embed\tomcat-embed-websocket\10.1.30\tomcat-embed-websocket-10.1.30.jar;C:\Users\User_001\.m2\repository\org\springframework\spring-web\6.1.13\spring-web-6.1.13.jar;C:\Users\User_001\.m2\repository\org\springframework\spring-webmvc\6.1.13\spring-webmvc-6.1.13.jar;C:\Users\User_001\.m2\repository\org\springframework\security\spring-security-core\6.3.3\spring-security-core-6.3.3.jar;C:\Users\User_001\.m2\repository\org\springframework\security\spring-security-crypto\6.3.3\spring-security-crypto-6.3.3.jar;C:\Users\User_001\.m2\repository\org\springframework\spring-beans\6.1.13\spring-beans-6.1.13.jar;C:\Users\User_001\.m2\repository\org\springframework\spring-context\6.1.13\spring-context-6.1.13.jar;C:\Users\User_001\.m2\repository\org\springframework\spring-core\6.1.13\spring-core-6.1.13.jar;C:\Users\User_001\.m2\repository\org\springframework\spring-jcl\6.1.13\spring-jcl-6.1.13.jar;C:\Users\User_001\.m2\repository\org\springframework\spring-expression\6.1.13\spring-expression-6.1.13.jar;C:\Users\User_001\.m2\repository\io\micrometer\micrometer-observation\1.13.4\micrometer-observation-1.13.4.jar;C:\Users\User_001\.m2\repository\io\micrometer\micrometer-commons\1.13.4\micrometer-commons-1.13.4.jar;C:\Users\User_001\.m2\repository\com\cloudinary\cloudinary-http5\2.0.0\cloudinary-http5-2.0.0.jar;C:\Users\User_001\.m2\repository\com\cloudinary\cloudinary-core\2.0.0\cloudinary-core-2.0.0.jar;C:\Users\User_001\.m2\repository\org\apache\commons\commons-lang3\3.14.0\commons-lang3-3.14.0.jar;C:\Users\User_001\.m2\repository\org\apache\httpcomponents\client5\httpclient5\5.3.1\httpclient5-5.3.1.jar;C:\Users\User_001\.m2\repository\org\apache\httpcomponents\core5\httpcore5-h2\5.2.5\httpcore5-h2-5.2.5.jar;C:\Users\User_001\.m2\repository\org\slf4j\slf4j-api\2.0.16\slf4j-api-2.0.16.jar;C:\Users\User_001\.m2\repository\org\apache\httpcomponents\core5\httpcore5\5.2.5\httpcore5-5.2.5.jar;C:\Users\User_001\.m2\repository\com\cloudinary\cloudinary-taglib\2.0.0\cloudinary-taglib-2.0.0.jar;C:\Users\User_001\.m2\repository\javax\servlet\jsp-api\2.0\jsp-api-2.0.jar;C:\Users\User_001\.m2\repository\javax\servlet\servlet-api\2.4\servlet-api-2.4.jar;C:\Users\User_001\.m2\repository\io\github\cdimascio\dotenv-java\2.2.4\dotenv-java-2.2.4.jar;C:\Users\User_001\.m2\repository\org\springframework\boot\spring-boot-starter-mail\3.3.4\spring-boot-starter-mail-3.3.4.jar;C:\Users\User_001\.m2\repository\org\springframework\spring-context-support\6.1.13\spring-context-support-6.1.13.jar;C:\Users\User_001\.m2\repository\org\eclipse\angus\jakarta.mail\2.0.3\jakarta.mail-2.0.3.jar;C:\Users\User_001\.m2\repository\jakarta\activation\jakarta.activation-api\2.1.3\jakarta.activation-api-2.1.3.jar;C:\Users\User_001\.m2\repository\org\eclipse\angus\angus-activation\2.0.2\angus-activation-2.0.2.jar;C:\Users\User_001\.m2\repository\org\springframework\boot\spring-boot-starter-data-jpa\3.3.4\spring-boot-starter-data-jpa-3.3.4.jar;C:\Users\User_001\.m2\repository\org\springframework\boot\spring-boot-starter-aop\3.3.4\spring-boot-starter-aop-3.3.4.jar;C:\Users\User_001\.m2\repository\org\aspectj\aspectjweaver\1.9.22.1\aspectjweaver-1.9.22.1.jar;C:\Users\User_001\.m2\repository\org\springframework\boot\spring-boot-starter-jdbc\3.3.4\spring-boot-starter-jdbc-3.3.4.jar;C:\Users\User_001\.m2\repository\com\zaxxer\HikariCP\5.1.0\HikariCP-5.1.0.jar;C:\Users\User_001\.m2\repository\org\springframework\spring-jdbc\6.1.13\spring-jdbc-6.1.13.jar;C:\Users\User_001\.m2\repository\org\hibernate\orm\hibernate-core\6.5.3.Final\hibernate-core-6.5.3.Final.jar;C:\Users\User_001\.m2\repository\jakarta\persistence\jakarta.persistence-api\3.1.0\jakarta.persistence-api-3.1.0.jar;C:\Users\User_001\.m2\repository\jakarta\transaction\jakarta.transaction-api\2.0.1\jakarta.transaction-api-2.0.1.jar;C:\Users\User_001\.m2\repository\org\jboss\logging\jboss-logging\3.5.3.Final\jboss-logging-3.5.3.Final.jar;C:\Users\User_001\.m2\repository\org\hibernate\common\hibernate-commons-annotations\6.0.6.Final\hibernate-commons-annotations-6.0.6.Final.jar;C:\Users\User_001\.m2\repository\io\smallrye\jandex\3.1.2\jandex-3.1.2.jar;C:\Users\User_001\.m2\repository\com\fasterxml\classmate\1.7.0\classmate-1.7.0.jar;C:\Users\User_001\.m2\repository\net\bytebuddy\byte-buddy\1.14.19\byte-buddy-1.14.19.jar;C:\Users\User_001\.m2\repository\org\glassfish\jaxb\jaxb-runtime\4.0.5\jaxb-runtime-4.0.5.jar;C:\Users\User_001\.m2\repository\org\glassfish\jaxb\jaxb-core\4.0.5\jaxb-core-4.0.5.jar;C:\Users\User_001\.m2\repository\org\glassfish\jaxb\txw2\4.0.5\txw2-4.0.5.jar;C:\Users\User_001\.m2\repository\com\sun\istack\istack-commons-runtime\4.1.2\istack-commons-runtime-4.1.2.jar;C:\Users\User_001\.m2\repository\jakarta\inject\jakarta.inject-api\2.0.1\jakarta.inject-api-2.0.1.jar;C:\Users\User_001\.m2\repository\org\antlr\antlr4-runtime\4.13.0\antlr4-runtime-4.13.0.jar;C:\Users\User_001\.m2\repository\org\springframework\data\spring-data-jpa\3.3.4\spring-data-jpa-3.3.4.jar;C:\Users\User_001\.m2\repository\org\springframework\data\spring-data-commons\3.3.4\spring-data-commons-3.3.4.jar;C:\Users\User_001\.m2\repository\org\springframework\spring-orm\6.1.13\spring-orm-6.1.13.jar;C:\Users\User_001\.m2\repository\org\springframework\spring-tx\6.1.13\spring-tx-6.1.13.jar;C:\Users\User_001\.m2\repository\org\springframework\spring-aspects\6.1.13\spring-aspects-6.1.13.jar;C:\Users\User_001\.m2\repository\org\springframework\boot\spring-boot-starter-thymeleaf\3.3.4\spring-boot-starter-thymeleaf-3.3.4.jar;C:\Users\User_001\.m2\repository\org\thymeleaf\thymeleaf-spring6\3.1.2.RELEASE\thymeleaf-spring6-3.1.2.RELEASE.jar;C:\Users\User_001\.m2\repository\org\thymeleaf\thymeleaf\3.1.2.RELEASE\thymeleaf-3.1.2.RELEASE.jar;C:\Users\User_001\.m2\repository\org\attoparser\attoparser\2.0.7.RELEASE\attoparser-2.0.7.RELEASE.jar;C:\Users\User_001\.m2\repository\org\unbescape\unbescape\1.1.6.RELEASE\unbescape-1.1.6.RELEASE.jar;C:\Users\User_001\.m2\repository\com\mysql\mysql-connector-j\8.0.33\mysql-connector-j-8.0.33.jar;C:\Users\User_001\.m2\repository\com\github\librepdf\openpdf\1.3.22\openpdf-1.3.22.jar;C:\Users\User_001\.m2\repository\org\apache\poi\poi-ooxml\5.2.3\poi-ooxml-5.2.3.jar;C:\Users\User_001\.m2\repository\org\apache\poi\poi\5.2.3\poi-5.2.3.jar;C:\Users\User_001\.m2\repository\commons-codec\commons-codec\1.16.1\commons-codec-1.16.1.jar;C:\Users\User_001\.m2\repository\org\apache\commons\commons-math3\3.6.1\commons-math3-3.6.1.jar;C:\Users\User_001\.m2\repository\com\zaxxer\SparseBitSet\1.2\SparseBitSet-1.2.jar;C:\Users\User_001\.m2\repository\org\apache\poi\poi-ooxml-lite\5.2.3\poi-ooxml-lite-5.2.3.jar;C:\Users\User_001\.m2\repository\org\apache\xmlbeans\xmlbeans\5.1.1\xmlbeans-5.1.1.jar;C:\Users\User_001\.m2\repository\org\apache\commons\commons-compress\1.21\commons-compress-1.21.jar;C:\Users\User_001\.m2\repository\commons-io\commons-io\2.11.0\commons-io-2.11.0.jar;C:\Users\User_001\.m2\repository\com\github\virtuald\curvesapi\1.07\curvesapi-1.07.jar;C:\Users\User_001\.m2\repository\org\apache\logging\log4j\log4j-api\2.23.1\log4j-api-2.23.1.jar;C:\Users\User_001\.m2\repository\org\apache\commons\commons-collections4\4.4\commons-collections4-4.4.jar;C:\Users\User_001\.m2\repository\javax\validation\validation-api\2.0.1.Final\validation-api-2.0.1.Final.jar;C:\Users\User_001\.m2\repository\org\springframework\boot\spring-boot-starter-test\3.3.4\spring-boot-starter-test-3.3.4.jar;C:\Users\User_001\.m2\repository\org\springframework\boot\spring-boot-test\3.3.4\spring-boot-test-3.3.4.jar;C:\Users\User_001\.m2\repository\org\springframework\boot\spring-boot-test-autoconfigure\3.3.4\spring-boot-test-autoconfigure-3.3.4.jar;C:\Users\User_001\.m2\repository\com\jayway\jsonpath\json-path\2.9.0\json-path-2.9.0.jar;C:\Users\User_001\.m2\repository\jakarta\xml\bind\jakarta.xml.bind-api\4.0.2\jakarta.xml.bind-api-4.0.2.jar;C:\Users\User_001\.m2\repository\net\minidev\json-smart\2.5.1\json-smart-2.5.1.jar;C:\Users\User_001\.m2\repository\net\minidev\accessors-smart\2.5.1\accessors-smart-2.5.1.jar;C:\Users\User_001\.m2\repository\org\ow2\asm\asm\9.6\asm-9.6.jar;C:\Users\User_001\.m2\repository\org\assertj\assertj-core\3.25.3\assertj-core-3.25.3.jar;C:\Users\User_001\.m2\repository\org\awaitility\awaitility\4.2.2\awaitility-4.2.2.jar;C:\Users\User_001\.m2\repository\org\hamcrest\hamcrest\2.2\hamcrest-2.2.jar;C:\Users\User_001\.m2\repository\org\junit\jupiter\junit-jupiter\5.10.3\junit-jupiter-5.10.3.jar;C:\Users\User_001\.m2\repository\org\junit\jupiter\junit-jupiter-api\5.10.3\junit-jupiter-api-5.10.3.jar;C:\Users\User_001\.m2\repository\org\opentest4j\opentest4j\1.3.0\opentest4j-1.3.0.jar;C:\Users\User_001\.m2\repository\org\junit\platform\junit-platform-commons\1.10.3\junit-platform-commons-1.10.3.jar;C:\Users\User_001\.m2\repository\org\apiguardian\apiguardian-api\1.1.2\apiguardian-api-1.1.2.jar;C:\Users\User_001\.m2\repository\org\junit\jupiter\junit-jupiter-params\5.10.3\junit-jupiter-params-5.10.3.jar;C:\Users\User_001\.m2\repository\org\junit\jupiter\junit-jupiter-engine\5.10.3\junit-jupiter-engine-5.10.3.jar;C:\Users\User_001\.m2\repository\org\junit\platform\junit-platform-engine\1.10.3\junit-platform-engine-1.10.3.jar;C:\Users\User_001\.m2\repository\org\mockito\mockito-core\5.11.0\mockito-core-5.11.0.jar;C:\Users\User_001\.m2\repository\net\bytebuddy\byte-buddy-agent\1.14.19\byte-buddy-agent-1.14.19.jar;C:\Users\User_001\.m2\repository\org\objenesis\objenesis\3.3\objenesis-3.3.jar;C:\Users\User_001\.m2\repository\org\mockito\mockito-junit-jupiter\5.11.0\mockito-junit-jupiter-5.11.0.jar;C:\Users\User_001\.m2\repository\org\skyscreamer\jsonassert\1.5.3\jsonassert-1.5.3.jar;C:\Users\User_001\.m2\repository\com\vaadin\external\google\android-json\0.0.20131108.vaadin1\android-json-0.0.20131108.vaadin1.jar;C:\Users\User_001\.m2\repository\org\springframework\spring-test\6.1.13\spring-test-6.1.13.jar;C:\Users\User_001\.m2\repository\org\xmlunit\xmlunit-core\2.9.1\xmlunit-core-2.9.1.jar;"/>
    <property name="sun.cpu.endian" value="little"/>
    <property name="user.home" value="C:\Users\User_001"/>
    <property name="user.language" value="es"/>
    <property name="java.specification.vendor" value="Oracle Corporation"/>
    <property name="java.version.date" value="2024-07-16"/>
    <property name="java.home" value="C:\Program Files\Java\jdk-22"/>
    <property name="file.separator" value="\"/>
    <property name="basedir" value="C:\Users\User_001\OneDrive\Escritorio\ApiT&amp;CShop\TcshopSpring"/>
    <property name="java.vm.compressedOopsMode" value="32-bit"/>
    <property name="line.separator" value="&#10;"/>
    <property name="java.vm.specification.vendor" value="Oracle Corporation"/>
    <property name="java.specification.name" value="Java Platform API Specification"/>
    <property name="FILE_LOG_CHARSET" value="UTF-8"/>
    <property name="java.awt.headless" value="true"/>
    <property name="surefire.real.class.path" value="C:\Users\User_001\AppData\Local\Temp\surefire9070118438451151260\surefirebooter-20241210040647313_3.jar"/>
    <property name="user.script" value=""/>
    <property name="sun.management.compiler" value="HotSpot 64-Bit Tiered Compilers"/>
    <property name="java.runtime.version" value="22.0.2+9-70"/>
    <property name="user.name" value="User_001"/>
    <property name="stdout.encoding" value="Cp1252"/>
    <property name="path.separator" value=";"/>
    <property name="os.version" value="10.0"/>
    <property name="java.runtime.name" value="Java(TM) SE Runtime Environment"/>
    <property name="file.encoding" value="UTF-8"/>
    <property name="java.vm.name" value="Java HotSpot(TM) 64-Bit Server VM"/>
    <property name="localRepository" value="C:\Users\User_001\.m2\repository"/>
    <property name="java.vendor.url.bug" value="https://bugreport.java.com/bugreport/"/>
    <property name="java.io.tmpdir" value="C:\Users\User_001\AppData\Local\Temp\"/>
    <property name="idea.version" value="2024.2.0.2"/>
    <property name="com.zaxxer.hikari.pool_number" value="1"/>
    <property name="java.version" value="22.0.2"/>
    <property name="user.dir" value="C:\Users\User_001\OneDrive\Escritorio\ApiT&amp;CShop\TcshopSpring"/>
    <property name="os.arch" value="amd64"/>
    <property name="java.vm.specification.name" value="Java Virtual Machine Specification"/>
    <property name="PID" value="12648"/>
    <property name="sun.os.patch.level" value=""/>
    <property name="CONSOLE_LOG_CHARSET" value="UTF-8"/>
    <property name="native.encoding" value="Cp1252"/>
    <property name="java.library.path" value="C:\Program Files\Java\jdk-22\bin;C:\WINDOWS\Sun\Java\bin;C:\WINDOWS\system32;C:\WINDOWS;C:\Program Files\Common Files\Oracle\Java\javapath;C:\ProgramData\Oracle\Java\javapath;C:\Program Files (x86)\VMware\VMware Workstation\bin\;C:\Oracle\WINDOWS.X64_193000_db_home\bin;C:\Users\User_001\OneDrive\Documentos\Oracle\bin;C:\WINDOWS\system32;C:\WINDOWS;C:\WINDOWS\System32\Wbem;C:\WINDOWS\System32\WindowsPowerShell\v1.0\;C:\WINDOWS\System32\OpenSSH\;C:\Program Files\Java\jdk-17\bin;C:\Program Files\Java\jdk-22\bin;C:\ProgramData\chocolatey\bin;C:\Program Files\Git\cmd;C:\Program Files\nodejs\;C:\ProgramData\ComposerSetup\bin;C:\Program Files\GitHub CLI\;C:\apache-maven-3.9.9\bin;;C:\Program Files\Docker\Docker\resources\bin;C:\Users\User_001\AppData\Local\Programs\Python\Python312\Scripts\;C:\Users\User_001\AppData\Local\Programs\Python\Python312\;C:\Users\User_001\AppData\Local\Microsoft\WindowsApps;C:\Users\User_001\AppData\Local\Programs\Microsoft VS Code\bin;C:\xampp\php;C:\Program Files\MongoDB\Server\7.0\bin;C:\flutter\bin;C:\Program Files\Java\jdk-17\bin;C:\Program Files\MongoDB\Tools\100\bin;C:\Users\User_001\AppData\Roaming\npm;C:\Users\User_001\AppData\Roaming\Composer\vendor\bin;C:\Program Files\7-Zip;C:\Program Files\JetBrains\IntelliJ IDEA 2024.2.0.2\bin;;C:\Program Files\JetBrains\PyCharm 2024.3\bin;;C:\Program Files\JetBrains\IntelliJ IDEA Community Edition 2024.2.0.2\bin;;C:\apache-maven-3.9.9\bin;;."/>
    <property name="java.vm.info" value="mixed mode, sharing"/>
    <property name="stderr.encoding" value="Cp1252"/>
    <property name="java.vendor" value="Oracle Corporation"/>
    <property name="java.vm.version" value="22.0.2+9-70"/>
    <property name="sun.io.unicode.encoding" value="UnicodeLittle"/>
    <property name="java.class.version" value="66.0"/>
    <property name="LOGGED_APPLICATION_NAME" value="[tcshop] "/>
  </properties>
  <testcase name="contextLoads" classname="com.tcshop.tcshopspring.TcshopSpringApplicationTests" time="0.681">
    <system-out><![CDATA[04:06:48.599 [main] INFO org.springframework.test.context.support.AnnotationConfigContextLoaderUtils -- Could not detect default configuration classes for test class [com.tcshop.tcshopspring.TcshopSpringApplicationTests]: TcshopSpringApplicationTests does not declare any static, non-private, non-final, nested classes annotated with @Configuration.
04:06:48.730 [main] INFO org.springframework.boot.test.context.SpringBootTestContextBootstrapper -- Found @SpringBootConfiguration com.tcshop.tcshopspring.TcshopSpringApplication for test class com.tcshop.tcshopspring.TcshopSpringApplicationTests

  .   ____          _            __ _ _
 /\\ / ___'_ __ _ _(_)_ __  __ _ \ \ \ \
( ( )\___ | '_ | '_| | '_ \/ _` | \ \ \ \
 \\/  ___)| |_)| | | | | || (_| |  ) ) ) )
  '  |____| .__|_| |_|_| |_\__, | / / / /
 =========|_|==============|___/=/_/_/_/

 :: Spring Boot ::                (v3.3.4)

2024-12-10T04:06:49.411-05:00  INFO 12648 --- [tcshop] [           main] c.t.t.TcshopSpringApplicationTests       : Starting TcshopSpringApplicationTests using Java 22.0.2 with PID 12648 (started by User_001 in C:\Users\User_001\OneDrive\Escritorio\ApiT&CShop\TcshopSpring)
2024-12-10T04:06:49.415-05:00  INFO 12648 --- [tcshop] [           main] c.t.t.TcshopSpringApplicationTests       : No active profile set, falling back to 1 default profile: "default"
2024-12-10T04:06:50.763-05:00  INFO 12648 --- [tcshop] [           main] .s.d.r.c.RepositoryConfigurationDelegate : Bootstrapping Spring Data JPA repositories in DEFAULT mode.
2024-12-10T04:06:50.942-05:00  INFO 12648 --- [tcshop] [           main] .s.d.r.c.RepositoryConfigurationDelegate : Finished Spring Data repository scanning in 165 ms. Found 10 JPA repository interfaces.
2024-12-10T04:06:51.865-05:00  INFO 12648 --- [tcshop] [           main] o.hibernate.jpa.internal.util.LogHelper  : HHH000204: Processing PersistenceUnitInfo [name: default]
2024-12-10T04:06:51.985-05:00  INFO 12648 --- [tcshop] [           main] org.hibernate.Version                    : HHH000412: Hibernate ORM core version 6.5.3.Final
2024-12-10T04:06:52.049-05:00  INFO 12648 --- [tcshop] [           main] o.h.c.internal.RegionFactoryInitiator    : HHH000026: Second-level cache disabled
2024-12-10T04:06:52.648-05:00  INFO 12648 --- [tcshop] [           main] o.s.o.j.p.SpringPersistenceUnitInfo      : No LoadTimeWeaver setup: ignoring JPA class transformer
2024-12-10T04:06:52.701-05:00  INFO 12648 --- [tcshop] [           main] com.zaxxer.hikari.HikariDataSource       : HikariPool-1 - Starting...
2024-12-10T04:06:52.931-05:00  INFO 12648 --- [tcshop] [           main] com.zaxxer.hikari.pool.HikariPool        : HikariPool-1 - Added connection com.mysql.cj.jdbc.ConnectionImpl@645ba24a
2024-12-10T04:06:52.933-05:00  INFO 12648 --- [tcshop] [           main] com.zaxxer.hikari.HikariDataSource       : HikariPool-1 - Start completed.
2024-12-10T04:06:53.012-05:00  WARN 12648 --- [tcshop] [           main] org.hibernate.dialect.Dialect            : HHH000511: The 5.5.5 version for [org.hibernate.dialect.MySQLDialect] is no longer supported, hence certain features may not work properly. The minimum supported version is 8.0.0. Check the community dialects project for available legacy versions.
2024-12-10T04:06:54.820-05:00  INFO 12648 --- [tcshop] [           main] o.h.e.t.j.p.i.JtaPlatformInitiator       : HHH000489: No JTA platform available (set 'hibernate.transaction.jta.platform' to enable JTA platform integration)
Hibernate: alter table afiliados_tienda drop foreign key FK8ahvac5n7ekrxrxgy0vgo8sxa
Hibernate: alter table afiliados_tienda drop foreign key FK6bkkswn7imu585nijxho2r73i
Hibernate: alter table carreras drop foreign key FK6f138n786timsbnooq68je64e
Hibernate: alter table detalles_pedido drop foreign key FK4qmqlxyy78kjl4ec4wjnfmggu
Hibernate: alter table detalles_pedido drop foreign key FK8144uqs26ce7usdnqb1aml16
Hibernate: alter table horarios_tienda drop foreign key FK7cg1438npjh121vtx08qw26rm
Hibernate: alter table imagenes_productos drop foreign key FKn68fidoqi4kx72kdn54q94oav
Hibernate: alter table pedidos drop foreign key FK5g0es69v35nmkmpi8uewbphs2
Hibernate: alter table productos drop foreign key FK2fwq10nwymfv7fumctxt9vpgb
Hibernate: alter table productos drop foreign key FK1cmd7m95a03e3vmou26bqf115
Hibernate: alter table review_producto drop foreign key FK74m6a115r9hs8w1ip8kus6ged
Hibernate: alter table review_producto drop foreign key FK2ou1outg8042d1ba11aaxgvr0
Hibernate: alter table tiendas drop foreign key FK15iai16x5gavblymipswkcau7
Hibernate: alter table tiendas drop foreign key FK89xn6ywy2e31nuixf9lqyjj8q
Hibernate: alter table usuarios drop foreign key FKqbigesqvknxpn101a2l5hl471
Hibernate: alter table usuarios drop foreign key FKlayeuvn3gr7ql1o7532lxpfak
Hibernate: alter table usuarios drop foreign key FKqf5elo4jcq7qrt83oi0qmenjo
Hibernate: alter table usuarios drop foreign key FKsomjbghxh1930qv0bmpy53g5b
Hibernate: drop table if exists afiliados_tienda
Hibernate: drop table if exists carreras
Hibernate: drop table if exists categorias
Hibernate: drop table if exists departamentos
Hibernate: drop table if exists detalles_pedido
Hibernate: drop table if exists horarios_tienda
Hibernate: drop table if exists imagenes
Hibernate: drop table if exists imagenes_productos
Hibernate: drop table if exists pedidos
Hibernate: drop table if exists productos
Hibernate: drop table if exists review_producto
Hibernate: drop table if exists roles
Hibernate: drop table if exists sedes
Hibernate: drop table if exists tiendas
Hibernate: drop table if exists usuarios
Hibernate: create table afiliados_tienda (id_afiliado integer not null auto_increment, tienda_id integer not null, usuario_id integer not null, primary key (id_afiliado)) engine=InnoDB
Hibernate: create table carreras (id_carrera integer not null auto_increment, id_departamento integer not null, nombre_carrera varchar(100), primary key (id_carrera)) engine=InnoDB
Hibernate: create table categorias (id_categoria integer not null auto_increment, fecha_creacion datetime(6), descripcion_categoria varchar(255), nombre_categoria varchar(255), primary key (id_categoria)) engine=InnoDB
Hibernate: create table departamentos (id_departamento integer not null auto_increment, nombre_departamento varchar(100), primary key (id_departamento)) engine=InnoDB
Hibernate: create table detalles_pedido (cantidad integer, id_detalle integer not null auto_increment, pedido_id integer, precio float(53), producto_id integer, primary key (id_detalle)) engine=InnoDB
Hibernate: create table horarios_tienda (hora_apertura time(6), hora_cierre time(6), id_horario integer not null auto_increment, tienda_id integer not null, estado varchar(255), primary key (id_horario)) engine=InnoDB
Hibernate: create table imagenes (id integer not null auto_increment, nombre varchar(255), url varchar(255), primary key (id)) engine=InnoDB
Hibernate: create table imagenes_productos (id_imagen_producto integer not null auto_increment, prodcuto_id integer not null, descripcion_imagen varchar(255), url_imagen varchar(255), primary key (id_imagen_producto)) engine=InnoDB
Hibernate: create table pedidos (id_pedido integer not null auto_increment, total float(53), usuario_id integer, fecha datetime(6), estado varchar(255), primary key (id_pedido)) engine=InnoDB
Hibernate: create table productos (categoria_id integer not null, id_producto integer not null auto_increment, precio float(53), stock integer, tienda_id integer not null, fecha_creacion datetime(6), descripcion varchar(255), imagen varchar(255), nombre varchar(255), primary key (id_producto)) engine=InnoDB
Hibernate: create table review_producto (calificacion integer, id_producto integer not null, id_review_producto integer not null auto_increment, usuario_id integer not null, fecha datetime(6), comentario varchar(255), primary key (id_review_producto)) engine=InnoDB
Hibernate: create table roles (id_rol integer not null auto_increment, nombre_rol varchar(50), primary key (id_rol)) engine=InnoDB
Hibernate: create table sedes (id_sede integer not null auto_increment, nombre_sede varchar(100), ciudad varchar(200), direccion varchar(200), primary key (id_sede)) engine=InnoDB
Hibernate: create table tiendas (id_tienda integer not null auto_increment, sede_id integer not null, usuario_id integer not null, descripcion varchar(255), imagen varchar(255), nombre_tienda varchar(255), qr_imagen varchar(255), ubicacion_mapa varchar(255), primary key (id_tienda)) engine=InnoDB
Hibernate: create table usuarios (carrera_id integer not null, departamento_id integer not null, enable bit, id integer not null auto_increment, rol_id integer not null, sede_id integer not null, register_date datetime(6), number varchar(10), email varchar(100), name varchar(100), username varchar(100), password varchar(300), token varchar(255), primary key (id)) engine=InnoDB
Hibernate: alter table usuarios add constraint UKkfsp0s1tflm1cwlj8idhqsad0 unique (email)
Hibernate: alter table afiliados_tienda add constraint FK8ahvac5n7ekrxrxgy0vgo8sxa foreign key (tienda_id) references tiendas (id_tienda)
Hibernate: alter table afiliados_tienda add constraint FK6bkkswn7imu585nijxho2r73i foreign key (usuario_id) references usuarios (id)
Hibernate: alter table carreras add constraint FK6f138n786timsbnooq68je64e foreign key (id_departamento) references departamentos (id_departamento)
Hibernate: alter table detalles_pedido add constraint FK4qmqlxyy78kjl4ec4wjnfmggu foreign key (pedido_id) references pedidos (id_pedido)
Hibernate: alter table detalles_pedido add constraint FK8144uqs26ce7usdnqb1aml16 foreign key (producto_id) references productos (id_producto)
Hibernate: alter table horarios_tienda add constraint FK7cg1438npjh121vtx08qw26rm foreign key (tienda_id) references tiendas (id_tienda)
Hibernate: alter table imagenes_productos add constraint FKn68fidoqi4kx72kdn54q94oav foreign key (prodcuto_id) references productos (id_producto)
Hibernate: alter table pedidos add constraint FK5g0es69v35nmkmpi8uewbphs2 foreign key (usuario_id) references usuarios (id)
Hibernate: alter table productos add constraint FK2fwq10nwymfv7fumctxt9vpgb foreign key (categoria_id) references categorias (id_categoria)
Hibernate: alter table productos add constraint FK1cmd7m95a03e3vmou26bqf115 foreign key (tienda_id) references tiendas (id_tienda)
Hibernate: alter table review_producto add constraint FK74m6a115r9hs8w1ip8kus6ged foreign key (id_producto) references productos (id_producto)
Hibernate: alter table review_producto add constraint FK2ou1outg8042d1ba11aaxgvr0 foreign key (usuario_id) references usuarios (id)
Hibernate: alter table tiendas add constraint FK15iai16x5gavblymipswkcau7 foreign key (sede_id) references sedes (id_sede)
Hibernate: alter table tiendas add constraint FK89xn6ywy2e31nuixf9lqyjj8q foreign key (usuario_id) references usuarios (id)
Hibernate: alter table usuarios add constraint FKqbigesqvknxpn101a2l5hl471 foreign key (carrera_id) references carreras (id_carrera)
Hibernate: alter table usuarios add constraint FKlayeuvn3gr7ql1o7532lxpfak foreign key (departamento_id) references departamentos (id_departamento)
Hibernate: alter table usuarios add constraint FKqf5elo4jcq7qrt83oi0qmenjo foreign key (rol_id) references roles (id_rol)
Hibernate: alter table usuarios add constraint FKsomjbghxh1930qv0bmpy53g5b foreign key (sede_id) references sedes (id_sede)
Hibernate: INSERT INTO roles (nombre_rol) VALUES ('ADMIN')
Hibernate: INSERT INTO roles (nombre_rol) VALUES ('USER')
Hibernate: INSERT INTO sedes (nombre_sede, ciudad, direccion) VALUES ('Sede Arequipa', 'Arequipa', 'Av. Ejemplo 123')
Hibernate: INSERT INTO sedes (nombre_sede, ciudad, direccion) VALUES ('Sede Trujillo', 'Trujillo', 'Av. Ejemplo 456')
Hibernate: INSERT INTO sedes (nombre_sede, ciudad, direccion) VALUES ('Sede Lima', 'Lima', 'Av. Ejemplo 789')
Hibernate: INSERT INTO departamentos (nombre_departamento) VALUES ('Electricidad y Electrónica')
Hibernate: INSERT INTO departamentos (nombre_departamento) VALUES ('Gestión y Producción')
Hibernate: INSERT INTO departamentos (nombre_departamento) VALUES ('Mecánica y Aviación')
Hibernate: INSERT INTO departamentos (nombre_departamento) VALUES ('Mecatrónica')
Hibernate: INSERT INTO departamentos (nombre_departamento) VALUES ('Minería y Procesos Químico-Metalúrgicos')
Hibernate: INSERT INTO departamentos (nombre_departamento) VALUES ('Seguridad y Salud en el Trabajo')
Hibernate: INSERT INTO departamentos (nombre_departamento) VALUES ('Tecnología Agrícola')
Hibernate: INSERT INTO departamentos (nombre_departamento) VALUES ('Tecnología Digital')
Hibernate: INSERT INTO carreras (nombre_carrera, id_departamento) VALUES ('Mecatrónica Industrial', 1)
Hibernate: INSERT INTO carreras (nombre_carrera, id_departamento) VALUES ('Electricidad Industrial', 1)
Hibernate: INSERT INTO carreras (nombre_carrera, id_departamento) VALUES ('Electrónica y Automatización Industrial', 1)
Hibernate: INSERT INTO carreras (nombre_carrera, id_departamento) VALUES ('Tecnología Mecánica Eléctrica', 1)
Hibernate: INSERT INTO carreras (nombre_carrera, id_departamento) VALUES ('Logística Digital Integrada', 2)
Hibernate: INSERT INTO carreras (nombre_carrera, id_departamento) VALUES ('Administración y Emprendimiento de Negocios Digitales', 2)
Hibernate: INSERT INTO carreras (nombre_carrera, id_departamento) VALUES ('Marketing Digital Analítico', 2)
Hibernate: INSERT INTO carreras (nombre_carrera, id_departamento) VALUES ('Diseño Industrial', 2)
Hibernate: INSERT INTO carreras (nombre_carrera, id_departamento) VALUES ('Tecnología de la Producción', 2)
Hibernate: INSERT INTO carreras (nombre_carrera, id_departamento) VALUES ('Producción y Gestión Industrial', 2)
Hibernate: INSERT INTO carreras (nombre_carrera, id_departamento) VALUES ('Mantenimiento de Equipo Pesado', 3)
Hibernate: INSERT INTO carreras (nombre_carrera, id_departamento) VALUES ('Mecatrónica y Gestión Automotriz', 3)
Hibernate: INSERT INTO carreras (nombre_carrera, id_departamento) VALUES ('Gestión y Mantenimiento de Maquinaria Pesada', 3)
Hibernate: INSERT INTO carreras (nombre_carrera, id_departamento) VALUES ('Aviónica y Mecánica Aeronáutica', 3)
Hibernate: INSERT INTO carreras (nombre_carrera, id_departamento) VALUES ('Mantenimiento y Gestión de Plantas Industriales', 3)
Hibernate: INSERT INTO carreras (nombre_carrera, id_departamento) VALUES ('Tecnología Mecánica Eléctrica', 3)
Hibernate: INSERT INTO carreras (nombre_carrera, id_departamento) VALUES ('Mecatrónica', 4)
Hibernate: INSERT INTO carreras (nombre_carrera, id_departamento) VALUES ('Topografía y Geomática', 5)
Hibernate: INSERT INTO carreras (nombre_carrera, id_departamento) VALUES ('Procesos Químicos y Metalúrgicos', 5)
Hibernate: INSERT INTO carreras (nombre_carrera, id_departamento) VALUES ('Operaciones Mineras', 5)
Hibernate: INSERT INTO carreras (nombre_carrera, id_departamento) VALUES ('Operación de Plantas de Procesamiento de Minerales', 5)
Hibernate: INSERT INTO carreras (nombre_carrera, id_departamento) VALUES ('Gestión de Seguridad y Salud en el Trabajo', 5)
Hibernate: INSERT INTO carreras (nombre_carrera, id_departamento) VALUES ('Gestión de Seguridad y Salud en el Trabajo', 6)
Hibernate: INSERT INTO carreras (nombre_carrera, id_departamento) VALUES ('Tecnología Agrícola', 7)
Hibernate: INSERT INTO carreras (nombre_carrera, id_departamento) VALUES ('Modelado y Animación Digital', 8)
Hibernate: INSERT INTO carreras (nombre_carrera, id_departamento) VALUES ('Ciberseguridad y Auditoría Informática', 8)
Hibernate: INSERT INTO carreras (nombre_carrera, id_departamento) VALUES ('Diseño y Desarrollo de Software', 8)
Hibernate: INSERT INTO carreras (nombre_carrera, id_departamento) VALUES ('Diseño y Desarrollo de Simuladores y Videojuegos', 8)
Hibernate: INSERT INTO carreras (nombre_carrera, id_departamento) VALUES ('Administración de Redes y Comunicaciones', 8)
Hibernate: INSERT INTO carreras (nombre_carrera, id_departamento) VALUES ('Big Data y Ciencia de Datos', 8)
Hibernate: INSERT INTO `usuarios` (`carrera_id`, `departamento_id`, `enable`, `id`, `rol_id`, `sede_id`, `register_date`, `number`, `email`, `name`, `username`, `password`, `token`) VALUES ('1', '1', b'1', NULL, '1', '1', '2024-11-22 15:52:31.000000', '1234567890', 'paulo.garcia@tecsup.edu.pe', 'Paulo Garcia', 'paulozzq1', '$2a$10$004cnzqeWonlQ3TKZ6prl.HWdSlww7uGp3V0iG9wAzPK7r6omLuyu', '7368e3ec-7ae2-4e41-8e55-37424cf71644')
Hibernate: INSERT INTO tiendas (sede_id, descripcion, nombre_tienda, ubicacion_mapa, imagen, qr_imagen, usuario_id) VALUES (1, 'Tienda de deportes', 'Deportec', 'En el centro comercial', "https://res.cloudinary.com/dijr92ntz/image/upload/v1718683405/avatars/i3qpxfcrmeajasjmcoj3.jpg", "ksnewnduwwd", 1)
Hibernate: INSERT INTO tiendas (sede_id, descripcion, nombre_tienda, ubicacion_mapa, imagen, qr_imagen, usuario_id) VALUES (2, 'Tienda de ropa', 'ModaMax', 'Cerca de la plaza principal', "https://res.cloudinary.com/dijr92ntz/image/upload/v1718683405/avatars/i3qpxfcrmeajasjmcoj3.jpg", "ksnewnduwwd", 1)
Hibernate: INSERT INTO tiendas (sede_id, descripcion, nombre_tienda, ubicacion_mapa, imagen, qr_imagen, usuario_id) VALUES (3, 'Tienda de tecnología', 'TecnoShop', 'Frente al parque tecnológico', "https://res.cloudinary.com/dijr92ntz/image/upload/v1718683405/avatars/i3qpxfcrmeajasjmcoj3.jpg", "ksnewnduwwd", 1)
Hibernate: INSERT INTO tiendas (sede_id, descripcion, nombre_tienda, ubicacion_mapa, imagen, qr_imagen, usuario_id) VALUES (1, 'Tienda de libros', 'Librerías Progreso', 'En la zona cultural', "https://res.cloudinary.com/dijr92ntz/image/upload/v1718683405/avatars/i3qpxfcrmeajasjmcoj3.jpg", "ksnewnduwwd", 1)
Hibernate: INSERT INTO tiendas (sede_id, descripcion, nombre_tienda, ubicacion_mapa, imagen, qr_imagen, usuario_id) VALUES (2, 'Tienda de juguetes', 'Juguetec', 'Al lado del cine', "https://res.cloudinary.com/dijr92ntz/image/upload/v1718683405/avatars/i3qpxfcrmeajasjmcoj3.jpg", "ksnewnduwwd", 1)
Hibernate: INSERT INTO tiendas (sede_id, descripcion, nombre_tienda, ubicacion_mapa, imagen, qr_imagen, usuario_id) VALUES (3, 'Tienda de electrodomésticos', 'ElectroPlus', 'Cerca del centro comercial', "https://res.cloudinary.com/dijr92ntz/image/upload/v1718683405/avatars/i3qpxfcrmeajasjmcoj3.jpg", "ksnewnduwwd", 1)
Hibernate: INSERT INTO tiendas (sede_id, descripcion, nombre_tienda, ubicacion_mapa, imagen, qr_imagen, usuario_id) VALUES (1, 'Tienda de vinos', 'VinoCasa', 'En la zona gourmet', "https://res.cloudinary.com/dijr92ntz/image/upload/v1718683405/avatars/i3qpxfcrmeajasjmcoj3.jpg", "ksnewnduwwd", 1)
Hibernate: INSERT INTO tiendas (sede_id, descripcion, nombre_tienda, ubicacion_mapa, imagen, qr_imagen, usuario_id) VALUES (2, 'Tienda de instrumentos musicales', 'MusicStore', 'En la calle principal', "https://res.cloudinary.com/dijr92ntz/image/upload/v1718683405/avatars/i3qpxfcrmeajasjmcoj3.jpg", "ksnewnduwwd", 1)
Hibernate: INSERT INTO tiendas (sede_id, descripcion, nombre_tienda, ubicacion_mapa, imagen, qr_imagen, usuario_id) VALUES (3, 'Tienda de muebles', 'Muebles El Arte', 'En el distrito comercial', "https://res.cloudinary.com/dijr92ntz/image/upload/v1718683405/avatars/i3qpxfcrmeajasjmcoj3.jpg", "ksnewnduwwd", 1)
Hibernate: INSERT INTO tiendas (sede_id, descripcion, nombre_tienda, ubicacion_mapa, imagen, qr_imagen, usuario_id) VALUES (1, 'Tienda de perfumes', 'Perfumería Lux', 'En el centro de la ciudad', "https://res.cloudinary.com/dijr92ntz/image/upload/v1718683405/avatars/i3qpxfcrmeajasjmcoj3.jpg", "ksnewnduwwd", 1)
Hibernate: INSERT INTO `horarios_tienda` (`hora_apertura`, `hora_cierre`, `id_horario`, `tienda_id`, `estado`) VALUES ('00:00:00.000000', '06:00:00.000000', NULL, '1', NULL), ('01:00:00.000000', '07:00:00.000000', NULL, '7', NULL), ('06:00:00.000000', '12:00:00.000000', NULL, '4', NULL), ('07:00:00.000000', '11:30:00.000000', NULL, '8', NULL), ('13:00:00.000000', '19:00:00.000000', NULL, '2', NULL), ('14:00:00.000000', '20:00:00.000000', NULL, '9', NULL), ('08:00:00.000000', '18:00:00.000000', NULL, '3', NULL), ('09:00:00.000000', '17:00:00.000000', NULL, '6', NULL), ('16:00:00.000000', '23:00:00.000000', NULL, '5', NULL), ('17:00:00.000000', '00:00:00.000000', NULL, '10', NULL)
Hibernate: INSERT INTO categorias (nombre_categoria, descripcion_categoria, fecha_creacion) VALUES ('Deportes', 'Artículos y ropa deportiva', CURRENT_TIMESTAMP)
Hibernate: INSERT INTO categorias (nombre_categoria, descripcion_categoria, fecha_creacion) VALUES ('Tecnología', 'Productos electrónicos y gadgets', CURRENT_TIMESTAMP)
Hibernate: INSERT INTO categorias (nombre_categoria, descripcion_categoria, fecha_creacion) VALUES ('Ropa', 'Moda para hombres, mujeres y niños', CURRENT_TIMESTAMP)
Hibernate: INSERT INTO categorias (nombre_categoria, descripcion_categoria, fecha_creacion) VALUES ('Libros', 'Libros y material educativo', CURRENT_TIMESTAMP)
Hibernate: INSERT INTO categorias (nombre_categoria, descripcion_categoria, fecha_creacion) VALUES ('Juguetes', 'Juguetes para todas las edades', CURRENT_TIMESTAMP)
Hibernate: INSERT INTO categorias (nombre_categoria, descripcion_categoria, fecha_creacion) VALUES ('Electrodomésticos', 'Artículos para el hogar', CURRENT_TIMESTAMP)
Hibernate: INSERT INTO categorias (nombre_categoria, descripcion_categoria, fecha_creacion) VALUES ('Vinos', 'Vinos nacionales e internacionales', CURRENT_TIMESTAMP)
Hibernate: INSERT INTO categorias (nombre_categoria, descripcion_categoria, fecha_creacion) VALUES ('Instrumentos', 'Instrumentos musicales de calidad', CURRENT_TIMESTAMP)
Hibernate: INSERT INTO categorias (nombre_categoria, descripcion_categoria, fecha_creacion) VALUES ('Muebles', 'Muebles modernos y clásicos', CURRENT_TIMESTAMP)
Hibernate: INSERT INTO categorias (nombre_categoria, descripcion_categoria, fecha_creacion) VALUES ('Perfumería', 'Perfumes de alta gama', CURRENT_TIMESTAMP)
Hibernate: INSERT INTO productos (nombre, descripcion, precio, stock, fecha_creacion, categoria_id, tienda_id, imagen) VALUES ('Balón de Fútbol', 'Balón profesional FIFA', 50.00, 100, CURRENT_TIMESTAMP, 1, 1, "https://res.cloudinary.com/dijr92ntz/image/upload/v1718683405/avatars/i3qpxfcrmeajasjmcoj3.jpg")
Hibernate: INSERT INTO productos (nombre, descripcion, precio, stock, fecha_creacion, categoria_id, tienda_id, imagen) VALUES ('Auriculares Bluetooth', 'Auriculares inalámbricos con cancelación de ruido', 120.00, 50, CURRENT_TIMESTAMP, 2, 3, "https://res.cloudinary.com/dijr92ntz/image/upload/v1718683405/avatars/i3qpxfcrmeajasjmcoj3.jpg")
Hibernate: INSERT INTO productos (nombre, descripcion, precio, stock, fecha_creacion, categoria_id, tienda_id, imagen) VALUES ('Camiseta Casual', 'Camiseta de algodón para hombre', 20.00, 200, CURRENT_TIMESTAMP, 3, 2, "https://res.cloudinary.com/dijr92ntz/image/upload/v1718683405/avatars/i3qpxfcrmeajasjmcoj3.jpg")
Hibernate: INSERT INTO productos (nombre, descripcion, precio, stock, fecha_creacion, categoria_id, tienda_id, imagen) VALUES ('Libro: El Principito', 'Edición especial ilustrada', 15.00, 150, CURRENT_TIMESTAMP, 4, 4, "https://res.cloudinary.com/dijr92ntz/image/upload/v1718683405/avatars/i3qpxfcrmeajasjmcoj3.jpg")
Hibernate: INSERT INTO productos (nombre, descripcion, precio, stock, fecha_creacion, categoria_id, tienda_id, imagen) VALUES ('Muñeca Barbie', 'Barbie edición limitada', 35.00, 75, CURRENT_TIMESTAMP, 5, 5, "https://res.cloudinary.com/dijr92ntz/image/upload/v1718683405/avatars/i3qpxfcrmeajasjmcoj3.jpg")
Hibernate: INSERT INTO productos (nombre, descripcion, precio, stock, fecha_creacion, categoria_id, tienda_id, imagen) VALUES ('Refrigerador', 'Refrigerador Samsung de última generación', 800.00, 10, CURRENT_TIMESTAMP, 6, 6, "https://res.cloudinary.com/dijr92ntz/image/upload/v1718683405/avatars/i3qpxfcrmeajasjmcoj3.jpg")
Hibernate: INSERT INTO productos (nombre, descripcion, precio, stock, fecha_creacion, categoria_id, tienda_id, imagen) VALUES ('Vino Tinto Reserva', 'Vino tinto reserva especial', 25.00, 120, CURRENT_TIMESTAMP, 7, 7, "https://res.cloudinary.com/dijr92ntz/image/upload/v1718683405/avatars/i3qpxfcrmeajasjmcoj3.jpg")
Hibernate: INSERT INTO productos (nombre, descripcion, precio, stock, fecha_creacion, categoria_id, tienda_id, imagen) VALUES ('Guitarra Acústica', 'Guitarra acústica Yamaha', 150.00, 30, CURRENT_TIMESTAMP, 8, 8, "https://res.cloudinary.com/dijr92ntz/image/upload/v1718683405/avatars/i3qpxfcrmeajasjmcoj3.jpg")
Hibernate: INSERT INTO productos (nombre, descripcion, precio, stock, fecha_creacion, categoria_id, tienda_id, imagen) VALUES ('Sofá Moderno', 'Sofá de 3 plazas, estilo moderno', 300.00, 20, CURRENT_TIMESTAMP, 9, 9, "https://res.cloudinary.com/dijr92ntz/image/upload/v1718683405/avatars/i3qpxfcrmeajasjmcoj3.jpg")
Hibernate: INSERT INTO productos (nombre, descripcion, precio, stock, fecha_creacion, categoria_id, tienda_id, imagen) VALUES ('Perfume Chanel', 'Perfume para mujer Chanel Nº5', 95.00, 60, CURRENT_TIMESTAMP, 10, 10, "https://res.cloudinary.com/dijr92ntz/image/upload/v1718683405/avatars/i3qpxfcrmeajasjmcoj3.jpg")
2024-12-10T04:06:57.162-05:00  INFO 12648 --- [tcshop] [           main] j.LocalContainerEntityManagerFactoryBean : Initialized JPA EntityManagerFactory for persistence unit 'default'
Cloudinary Service initialized successfully: dijr92ntz
2024-12-10T04:06:58.097-05:00  INFO 12648 --- [tcshop] [           main] r$InitializeUserDetailsManagerConfigurer : Global AuthenticationManager configured with UserDetailsService bean with name jwtUserDetailsService
2024-12-10T04:06:58.161-05:00  WARN 12648 --- [tcshop] [           main] JpaBaseConfiguration$JpaWebConfiguration : spring.jpa.open-in-view is enabled by default. Therefore, database queries may be performed during view rendering. Explicitly configure spring.jpa.open-in-view to disable this warning
2024-12-10T04:06:59.033-05:00  WARN 12648 --- [tcshop] [           main] ion$DefaultTemplateResolverConfiguration : Cannot find template location: classpath:/templates/ (please add some templates, check your Thymeleaf configuration, or set spring.thymeleaf.check-template-location=false)
2024-12-10T04:06:59.307-05:00  INFO 12648 --- [tcshop] [           main] c.t.t.TcshopSpringApplicationTests       : Started TcshopSpringApplicationTests in 10.391 seconds (process running for 11.802)
]]></system-out>
    <system-err><![CDATA[WARNING: A Java agent has been loaded dynamically (C:\Users\User_001\.m2\repository\net\bytebuddy\byte-buddy-agent\1.14.19\byte-buddy-agent-1.14.19.jar)
WARNING: If a serviceability tool is in use, please run with -XX:+EnableDynamicAgentLoading to hide this warning
WARNING: If a serviceability tool is not in use, please run with -Djdk.instrument.traceUsage for more information
WARNING: Dynamic loading of agents will be disallowed by default in a future release
]]></system-err>
  </testcase>
</testsuite>